{
  "RSpec": {
    "coverage": {
      "/Users/Guest/Desktop/LittleKittyEvents/app/models/user.rb": [
        1,
        1,
        1,
        1,
        null,
        null,
        1,
        1,
        1,
        null,
        null,
        2,
        null,
        1,
        89,
        null,
        null,
        1,
        110,
        null,
        null,
        1,
        87,
        null,
        null,
        1,
        28,
        null,
        null,
        1,
        58,
        null,
        null,
        1,
        5,
        null,
        null,
        1,
        6,
        3,
        3,
        3,
        null,
        3,
        3,
        3,
        3,
        3,
        3,
        3,
        3,
        3,
        null,
        null,
        null,
        6,
        null,
        null
      ],
      "/Users/Guest/Desktop/LittleKittyEvents/app/helpers/admin_users_helper.rb": [
        1,
        null
      ],
      "/Users/Guest/Desktop/LittleKittyEvents/app/helpers/application_helper.rb": [
        1,
        null
      ],
      "/Users/Guest/Desktop/LittleKittyEvents/app/helpers/clubs_helper.rb": [
        1,
        null
      ],
      "/Users/Guest/Desktop/LittleKittyEvents/app/helpers/event_types_helper.rb": [
        1,
        null
      ],
      "/Users/Guest/Desktop/LittleKittyEvents/app/helpers/users_helper.rb": [
        1,
        null
      ],
      "/Users/Guest/Desktop/LittleKittyEvents/app/controllers/users/omniauth_callbacks_controller.rb": [
        1,
        1,
        6,
        6,
        null,
        null
      ],
      "/Users/Guest/Desktop/LittleKittyEvents/app/controllers/application_controller.rb": [
        1,
        1,
        1,
        null,
        1,
        28,
        null,
        null,
        1,
        2,
        2,
        null,
        null,
        1,
        null,
        1,
        60,
        56,
        null,
        null
      ],
      "/Users/Guest/Desktop/LittleKittyEvents/app/models/club.rb": [
        1,
        1,
        1,
        1,
        1,
        null,
        1,
        1,
        null,
        null,
        1,
        8,
        8,
        7,
        null,
        null,
        null
      ],
      "/Users/Guest/Desktop/LittleKittyEvents/app/controllers/home_controller.rb": [
        1,
        null,
        1,
        null,
        null,
        1,
        7,
        null,
        null,
        1,
        15,
        null,
        null
      ],
      "/Users/Guest/Desktop/LittleKittyEvents/app/controllers/clubs_controller.rb": [
        1,
        1,
        null,
        1,
        1,
        null,
        null,
        1,
        null,
        null,
        1,
        null,
        null,
        1,
        null,
        null,
        1,
        2,
        null,
        2,
        1,
        1,
        null,
        1,
        1,
        null,
        null,
        null,
        null,
        1,
        2,
        1,
        1,
        null,
        1,
        null,
        null,
        null,
        1,
        1,
        1,
        1,
        null,
        null,
        null,
        1,
        1,
        1,
        1,
        1,
        null,
        0,
        0,
        null,
        1,
        1,
        1,
        null,
        null,
        null,
        1,
        null,
        1,
        6,
        null,
        null
      ],
      "/Users/Guest/Desktop/LittleKittyEvents/app/models/ability.rb": [
        1,
        1,
        null,
        1,
        46,
        46,
        17,
        29,
        null,
        28,
        28,
        3,
        null,
        null,
        28,
        28,
        21,
        null,
        null,
        1,
        null,
        null,
        null
      ],
      "/Users/Guest/Desktop/LittleKittyEvents/app/controllers/admin/clubs_controller.rb": [
        1,
        1,
        null,
        1,
        1,
        null,
        null,
        1,
        1,
        2,
        1,
        1,
        null,
        null,
        null
      ],
      "/Users/Guest/Desktop/LittleKittyEvents/app/models/club_user.rb": [
        1,
        1,
        1,
        null
      ],
      "/Users/Guest/Desktop/LittleKittyEvents/app/controllers/athlete/clubs_controller.rb": [
        1,
        1,
        null,
        null,
        null,
        null
      ],
      "/Users/Guest/Desktop/LittleKittyEvents/app/controllers/admin/event_types_controller.rb": [
        1,
        null,
        null
      ],
      "/Users/Guest/Desktop/LittleKittyEvents/app/controllers/event_types_controller.rb": [
        1,
        1,
        null,
        1,
        6,
        null,
        null,
        1,
        null,
        null,
        1,
        null,
        null,
        1,
        null,
        null,
        1,
        1,
        1,
        1,
        1,
        null,
        0,
        0,
        null,
        null,
        null,
        1,
        1,
        1,
        1,
        null,
        0,
        null,
        null,
        null,
        1,
        1,
        1,
        1,
        null,
        null,
        null,
        1,
        null,
        1,
        3,
        null,
        null
      ],
      "/Users/Guest/Desktop/LittleKittyEvents/app/models/event_type.rb": [
        1,
        1,
        1,
        null
      ],
      "/Users/Guest/Desktop/LittleKittyEvents/app/mailers/user_notifier.rb": [
        1,
        1,
        null,
        null,
        1,
        3,
        3,
        null,
        null,
        null
      ],
      "/Users/Guest/Desktop/LittleKittyEvents/app/controllers/admin/users_controller.rb": [
        1,
        1,
        null,
        1,
        2,
        null,
        null,
        1,
        1,
        4,
        1,
        1,
        null,
        null,
        null
      ],
      "/Users/Guest/Desktop/LittleKittyEvents/app/controllers/users_controller.rb": [
        1,
        1,
        null,
        null,
        1,
        null,
        null,
        1,
        null,
        null,
        1,
        null,
        null,
        1,
        null,
        null,
        1,
        2,
        2,
        2,
        null,
        0,
        null,
        null,
        null,
        1,
        1,
        2,
        null,
        null
      ],
      "/Users/Guest/Desktop/LittleKittyEvents/app/controllers/athlete/users_controller.rb": [
        1,
        null,
        1,
        1,
        null,
        null
      ],
      "/Users/Guest/Desktop/LittleKittyEvents/app/mailers/application_mailer.rb": [
        0,
        0,
        0,
        0
      ]
    },
    "timestamp": 1460578675
  }
}
