{
  "RSpec": {
    "coverage": {
      "/Users/Michael/rails_projects/LittleKittyEvents/app/models/user.rb": [
        1,
        1,
        1,
        1,
        null,
        1,
        1,
        1,
        null,
        2,
        null,
        1,
        30,
        null,
        null,
        1,
        33,
        null,
        null,
        1,
        24,
        null,
        null,
        1,
        7,
        null,
        null,
        1,
        17,
        null,
        null,
        1,
        0,
        null,
        null
      ],
      "/Users/Michael/rails_projects/LittleKittyEvents/app/helpers/admin_users_helper.rb": [
        1,
        null
      ],
      "/Users/Michael/rails_projects/LittleKittyEvents/app/helpers/application_helper.rb": [
        1,
        null
      ],
      "/Users/Michael/rails_projects/LittleKittyEvents/app/helpers/clubs_helper.rb": [
        1,
        null
      ],
      "/Users/Michael/rails_projects/LittleKittyEvents/app/helpers/users_helper.rb": [
        1,
        null
      ],
      "/Users/Michael/rails_projects/LittleKittyEvents/app/controllers/application_controller.rb": [
        1,
        1,
        1,
        null,
        1,
        7,
        null,
        null,
        1,
        1,
        1,
        null,
        null,
        1,
        null,
        1,
        14,
        14,
        null,
        null
      ],
      "/Users/Michael/rails_projects/LittleKittyEvents/app/controllers/home_controller.rb": [
        1,
        null,
        1,
        null,
        null,
        1,
        2,
        null,
        null,
        1,
        5,
        null,
        null
      ],
      "/Users/Michael/rails_projects/LittleKittyEvents/app/controllers/admin/users_controller.rb": [
        1,
        1,
        null,
        1,
        2,
        null,
        null,
        1,
        1,
        4,
        1,
        1,
        null,
        null,
        null
      ],
      "/Users/Michael/rails_projects/LittleKittyEvents/app/controllers/users_controller.rb": [
        1,
        1,
        null,
        1,
        0,
        null,
        null,
        1,
        null,
        null,
        1,
        null,
        null,
        1,
        null,
        null,
        1,
        null,
        null,
        1,
        2,
        2,
        2,
        null,
        0,
        null,
        null,
        null,
        1,
        1,
        2,
        null,
        null
      ],
      "/Users/Michael/rails_projects/LittleKittyEvents/app/models/ability.rb": [
        1,
        1,
        null,
        1,
        12,
        12,
        5,
        7,
        null,
        7,
        7,
        3,
        null,
        null,
        7,
        7,
        0,
        null,
        null,
        0,
        null,
        null,
        null
      ],
      "/Users/Michael/rails_projects/LittleKittyEvents/app/models/club.rb": [
        1,
        1,
        1,
        1,
        1,
        null,
        1,
        0,
        null,
        null
      ],
      "/Users/Michael/rails_projects/LittleKittyEvents/app/controllers/athlete/users_controller.rb": [
        1,
        null,
        1,
        1,
        null,
        null
      ],
      "/Users/Michael/rails_projects/LittleKittyEvents/app/controllers/athlete/clubs_controller.rb": [
        1,
        null,
        null
      ],
      "/Users/Michael/rails_projects/LittleKittyEvents/app/controllers/clubs_controller.rb": [
        1,
        1,
        null,
        1,
        2,
        null,
        null,
        1,
        null,
        null,
        1,
        null,
        null,
        1,
        null,
        null,
        1,
        0,
        null,
        0,
        0,
        0,
        null,
        0,
        0,
        null,
        null,
        null,
        null,
        1,
        0,
        0,
        0,
        null,
        0,
        null,
        null,
        null,
        1,
        0,
        0,
        0,
        null,
        null,
        null,
        1,
        0,
        0,
        0,
        null,
        null,
        1,
        null,
        1,
        0,
        null,
        null
      ],
      "/Users/Michael/rails_projects/LittleKittyEvents/app/controllers/admin/clubs_controller.rb": [
        0,
        0,
        0,
        0,
        0,
        0,
        0,
        0,
        0,
        0,
        0,
        0,
        0,
        0,
        0
      ],
      "/Users/Michael/rails_projects/LittleKittyEvents/app/controllers/manager/clubs_controller.rb": [
        0,
        0,
        0,
        0,
        0,
        0
      ],
      "/Users/Michael/rails_projects/LittleKittyEvents/app/models/club_user.rb": [
        0,
        0,
        0,
        0
      ]
    },
    "timestamp": 1459796745
  }
}
